<?xml version="1.0" encoding="UTF-8"?>
<testsuite name="MTStressTest" tests="1" skipped="0" failures="0" errors="0" timestamp="2021-01-13T21:50:09" hostname="jorres-pc" time="10.749">
  <properties/>
  <testcase name="testStress" classname="MTStressTest" time="10.749"/>
  <system-out><![CDATA[Phase # 1 - done    141,561 ops (warm up)
Phase # 2 - done     55,662 ops (warm up)
Phase # 3 - done     28,780 ops (warm up)
Phase # 4 - done     23,667 ops (warm up)
Phase # 5 - done     19,548 ops (warm up)
Phase # 6 - done     21,394 ops (measure)
Phase # 7 - done     43,768 ops (measure)
Phase # 8 - done     45,607 ops (measure)
Phase # 9 - done     26,965 ops (measure)
Phase #10 - done     15,638 ops (measure)
Average ops per phase: 30,674 +- 13,420
]]></system-out>
  <system-err><![CDATA[]]></system-err>
</testsuite>
